#
# There is insufficient memory for the Java Runtime Environment to continue.
# Native memory allocation (mmap) failed to map 134217728 bytes for G1 virtual space
# Possible reasons:
#   The system is out of physical RAM or swap space
#   The process is running with CompressedOops enabled, and the Java Heap may be blocking the growth of the native heap
# Possible solutions:
#   Reduce memory load on the system
#   Increase physical memory or swap space
#   Check if swap backing store is full
#   Decrease Java heap size (-Xmx/-Xms)
#   Decrease number of Java threads
#   Decrease Java thread stack sizes (-Xss)
#   Set larger code cache with -XX:ReservedCodeCacheSize=
#   JVM is running with Unscaled Compressed Oops mode in which the Java heap is
#     placed in the first 4GB address space. The Java Heap base address is the
#     maximum limit for the native heap growth. Please use -XX:HeapBaseMinAddress
#     to set the Java Heap base and to place the Java Heap above 4GB virtual address.
# This output file may be truncated or incomplete.
#
#  Out of Memory Error (os_windows.cpp:3747), pid=18100, tid=3032
#
# JRE version:  (17.0.3+7) (build )
# Java VM: OpenJDK 64-Bit Server VM (17.0.3+7-b469.32, mixed mode, sharing, tiered, compressed oops, compressed class ptrs, g1 gc, windows-amd64)
# No core dump will be written. Minidumps are not enabled by default on client versions of Windows
#

---------------  S U M M A R Y ------------

Command Line: git4idea.http.GitAskPassApp Username for 'https://gitlab.com': 

Host: Intel(R) Core(TM) i7-6600U CPU @ 2.60GHz, 4 cores, 7G,  Windows 10 , 64 bit Build 19041 (10.0.19041.3636)
Time: Tue Apr 16 16:18:46 2024 W. Central Africa Standard Time elapsed time: 0.060741 seconds (0d 0h 0m 0s)

---------------  T H R E A D  ---------------

Current thread (0x0000027973119920):  JavaThread "Unknown thread" [_thread_in_vm, id=3032, stack(0x000000ac80100000,0x000000ac80200000)]

Stack: [0x000000ac80100000,0x000000ac80200000]
Native frames: (J=compiled Java code, j=interpreted, Vv=VM code, C=native code)
V  [jvm.dll+0x681f8a]
V  [jvm.dll+0x83e374]
V  [jvm.dll+0x83fb1e]
V  [jvm.dll+0x840183]
V  [jvm.dll+0x2492a5]
V  [jvm.dll+0x67ee59]
V  [jvm.dll+0x67355a]
V  [jvm.dll+0x308fab]
V  [jvm.dll+0x310466]
V  [jvm.dll+0x3601de]
V  [jvm.dll+0x36040f]
V  [jvm.dll+0x2df098]
V  [jvm.dll+0x2e0004]
V  [jvm.dll+0x80fc61]
V  [jvm.dll+0x36df61]
V  [jvm.dll+0x7ef17c]
V  [jvm.dll+0x3f10ef]
V  [jvm.dll+0x3f2c31]
C  [jli.dll+0x526b]
C  [ucrtbase.dll+0x21bb2]
C  [KERNEL32.DLL+0x17344]
C  [ntdll.dll+0x526b1]


---------------  P R O C E S S  ---------------

Threads class SMR info:
_java_thread_list=0x00007ffc60e96f18, length=0, elements={
}

Java Threads: ( => current thread )

Other Threads:
  0x00000279731720a0 GCTaskThread "GC Thread#0" [stack: 0x000000ac80200000,0x000000ac80300000] [id=17616]
  0x0000027973182c60 ConcurrentGCThread "G1 Main Marker" [stack: 0x000000ac80300000,0x000000ac80400000] [id=16732]
  0x0000027973184680 ConcurrentGCThread "G1 Conc#0" [stack: 0x000000ac80400000,0x000000ac80500000] [id=13632]

[error occurred during error reporting (printing all threads), id 0xc0000005, EXCEPTION_ACCESS_VIOLATION (0xc0000005) at pc=0x00007ffc6064fc57]

VM state: not at safepoint (not fully initialized)

VM Mutex/Monitor currently owned by a thread:  ([mutex/lock_event])
[0x00000279731154e0] Heap_lock - owner thread: 0x0000027973119920

Heap address: 0x0000000081c00000, size: 2020 MB, Compressed Oops mode: 32-bit

CDS archive(s) mapped at: [0x0000000000000000-0x0000000000000000-0x0000000000000000), size 0, SharedBaseAddress: 0x0000000800000000, ArchiveRelocationMode: 0.
Narrow klass base: 0x0000000000000000, Narrow klass shift: 0, Narrow klass range: 0x0

GC Precious Log:
<Empty>

Heap:
 garbage-first heap   total 0K, used 0K [0x0000000081c00000, 0x0000000100000000)
  region size 1024K, 0 young (0K), 0 survivors (0K)

[error occurred during error reporting (printing heap information), id 0xc0000005, EXCEPTION_ACCESS_VIOLATION (0xc0000005) at pc=0x00007ffc60a3bbd9]

GC Heap History (0 events):
No events

Deoptimization events (0 events):
No events

Classes unloaded (0 events):
No events

Classes redefined (0 events):
No events

Internal exceptions (0 events):
No events

VM Operations (0 events):
No events

Events (1 events):
Event: 0.033 Loaded shared library C:\Program Files\JetBrains\PhpStorm 2022.2\jbr\bin\java.dll


Dynamic libraries:
0x00007ff606ce0000 - 0x00007ff606cea000 	C:\Program Files\JetBrains\PhpStorm 2022.2\jbr\bin\java.exe
0x00007ffccfdb0000 - 0x00007ffccffa8000 	C:\WINDOWS\SYSTEM32\ntdll.dll
0x00007ffccf590000 - 0x00007ffccf64d000 	C:\WINDOWS\System32\KERNEL32.DLL
0x00007ffccdae0000 - 0x00007ffccddd6000 	C:\WINDOWS\System32\KERNELBASE.dll
0x00007ffccd9b0000 - 0x00007ffccdab0000 	C:\WINDOWS\System32\ucrtbase.dll
0x00007ffcb1640000 - 0x00007ffcb1657000 	C:\Program Files\JetBrains\PhpStorm 2022.2\jbr\bin\jli.dll
0x00007ffccf920000 - 0x00007ffccfabf000 	C:\WINDOWS\System32\USER32.dll
0x00007ffccd750000 - 0x00007ffccd772000 	C:\WINDOWS\System32\win32u.dll
0x00007ffccf770000 - 0x00007ffccf79b000 	C:\WINDOWS\System32\GDI32.dll
0x00007ffccd820000 - 0x00007ffccd937000 	C:\WINDOWS\System32\gdi32full.dll
0x00007ffccd780000 - 0x00007ffccd81d000 	C:\WINDOWS\System32\msvcp_win.dll
0x00007ffcc4830000 - 0x00007ffcc484b000 	C:\Program Files\JetBrains\PhpStorm 2022.2\jbr\bin\VCRUNTIME140.dll
0x00007ffcb9990000 - 0x00007ffcb9c2a000 	C:\WINDOWS\WinSxS\amd64_microsoft.windows.common-controls_6595b64144ccf1df_6.0.19041.3636_none_60b6a03d71f818d5\COMCTL32.dll
0x00007ffcceb60000 - 0x00007ffccebfe000 	C:\WINDOWS\System32\msvcrt.dll
0x00007ffccde40000 - 0x00007ffccde72000 	C:\WINDOWS\System32\IMM32.DLL
0x00007ffcb80e0000 - 0x00007ffcb80ec000 	C:\Program Files\JetBrains\PhpStorm 2022.2\jbr\bin\vcruntime140_1.dll
0x00007ffc82050000 - 0x00007ffc820dd000 	C:\Program Files\JetBrains\PhpStorm 2022.2\jbr\bin\msvcp140.dll
0x00007ffc60360000 - 0x00007ffc60fc8000 	C:\Program Files\JetBrains\PhpStorm 2022.2\jbr\bin\server\jvm.dll
0x00007ffccf7a0000 - 0x00007ffccf850000 	C:\WINDOWS\System32\ADVAPI32.dll
0x00007ffccfba0000 - 0x00007ffccfc40000 	C:\WINDOWS\System32\sechost.dll
0x00007ffccec00000 - 0x00007ffcced23000 	C:\WINDOWS\System32\RPCRT4.dll
0x00007ffccdab0000 - 0x00007ffccdad7000 	C:\WINDOWS\System32\bcrypt.dll
0x00007ffcce5f0000 - 0x00007ffcce5f8000 	C:\WINDOWS\System32\PSAPI.DLL
0x00007ffcb8340000 - 0x00007ffcb8349000 	C:\WINDOWS\SYSTEM32\WSOCK32.dll
0x00007ffcb8a30000 - 0x00007ffcb8a57000 	C:\WINDOWS\SYSTEM32\WINMM.dll
0x00007ffcceaf0000 - 0x00007ffcceb5b000 	C:\WINDOWS\System32\WS2_32.dll
0x00007ffcb72e0000 - 0x00007ffcb72ea000 	C:\WINDOWS\SYSTEM32\VERSION.dll
0x00007ffccbc40000 - 0x00007ffccbc52000 	C:\WINDOWS\SYSTEM32\kernel.appcore.dll
0x00007ffcb7df0000 - 0x00007ffcb7dfa000 	C:\Program Files\JetBrains\PhpStorm 2022.2\jbr\bin\jimage.dll
0x00007ffccaa80000 - 0x00007ffccac64000 	C:\WINDOWS\SYSTEM32\DBGHELP.DLL
0x00007ffcb1100000 - 0x00007ffcb1134000 	C:\WINDOWS\SYSTEM32\dbgcore.DLL
0x00007ffccd610000 - 0x00007ffccd692000 	C:\WINDOWS\System32\bcryptPrimitives.dll
0x00007ffcb1660000 - 0x00007ffcb1685000 	C:\Program Files\JetBrains\PhpStorm 2022.2\jbr\bin\java.dll

dbghelp: loaded successfully - version: 4.0.5 - missing functions: none
symbol engine: initialized successfully - sym options: 0x614 - pdb path: .;C:\Program Files\JetBrains\PhpStorm 2022.2\jbr\bin;C:\WINDOWS\SYSTEM32;C:\WINDOWS\WinSxS\amd64_microsoft.windows.common-controls_6595b64144ccf1df_6.0.19041.3636_none_60b6a03d71f818d5;C:\Program Files\JetBrains\PhpStorm 2022.2\jbr\bin\server

VM Arguments:
java_command: git4idea.http.GitAskPassApp Username for 'https://gitlab.com': 
java_class_path (initial): C:/Program Files/JetBrains/PhpStorm 2022.2/plugins/git4idea/lib/git4idea-rt.jar;C:/Program Files/JetBrains/PhpStorm 2022.2/lib/externalProcess-rt.jar;C:/Program Files/JetBrains/PhpStorm 2022.2/lib/app.jar;C:/Program Files/JetBrains/PhpStorm 2022.2/lib/3rd-party-rt.jar
Launcher Type: SUN_STANDARD

[Global flags]
     intx CICompilerCount                          = 3                                         {product} {ergonomic}
     uint ConcGCThreads                            = 1                                         {product} {ergonomic}
     uint G1ConcRefinementThreads                  = 4                                         {product} {ergonomic}
   size_t G1HeapRegionSize                         = 1048576                                   {product} {ergonomic}
    uintx GCDrainStackTargetSize                   = 64                                        {product} {ergonomic}
   size_t InitialHeapSize                          = 134217728                                 {product} {ergonomic}
   size_t MarkStackSize                            = 4194304                                   {product} {ergonomic}
   size_t MaxHeapSize                              = 2118123520                                {product} {ergonomic}
   size_t MinHeapDeltaBytes                        = 1048576                                   {product} {ergonomic}
   size_t MinHeapSize                              = 8388608                                   {product} {ergonomic}
    uintx NonNMethodCodeHeapSize                   = 5832780                                {pd product} {ergonomic}
    uintx NonProfiledCodeHeapSize                  = 122912730                              {pd product} {ergonomic}
    uintx ProfiledCodeHeapSize                     = 122912730                              {pd product} {ergonomic}
    uintx ReservedCodeCacheSize                    = 251658240                              {pd product} {ergonomic}
     bool SegmentedCodeCache                       = true                                      {product} {ergonomic}
   size_t SoftMaxHeapSize                          = 2118123520                             {manageable} {ergonomic}
     bool UseCompressedClassPointers               = true                           {product lp64_product} {ergonomic}
     bool UseCompressedOops                        = true                           {product lp64_product} {ergonomic}
     bool UseG1GC                                  = true                                      {product} {ergonomic}
     bool UseLargePagesIndividualAllocation        = false                                  {pd product} {ergonomic}

Logging:
Log output configuration:
 #0: stdout all=warning uptime,level,tags
 #1: stderr all=off uptime,level,tags

Environment Variables:
JAVA_HOME=C:\Program Files\OpenLogic\jdk-17.0.10.7-hotspot\
PATH=C:\Program Files\Git\mingw64\libexec\git-core;C:\Program Files\Git\mingw64\libexec\git-core;C:\Program Files\Git\mingw64\bin;C:\Program Files\Git\usr\bin;C:\Users\GBK TECH\bin;C:\Program Files\OpenLogic\jdk-17.0.10.7-hotspot\bin;C:\WINDOWS\system32;C:\WINDOWS;C:\WINDOWS\System32\Wbem;C:\WINDOWS\System32\WindowsPowerShell\v1.0;C:\WINDOWS\System32\OpenSSH;D:\tools\bin;D:\tools\bin\php\php8.2.13;C:\ProgramData\ComposerSetup\bin;C:\Users\GBK TECH\AppData\Local\Android\Sdk;C:\ProgramData\chocolatey\bin;C:\Users\GBK TECH\AppData\Local\Android\Sdk\platform-tools;C:\Users\GBK TECH\AppData\Local\Android\Sdk\platforms;C:\Program Files\nodejs;C:\Gradle\gradle-7.6.4\bin;C:\Users\GBK TECH\AppData\Local\Android\Sdk\emulator;C:\;C:\Program Files\Git\cmd;C:\Program Files\Docker\Docker\resources\bin;C:\Program Files\Amazon\AWSCLIV2;C:\Program Files (x86)\terraform_1.7.5_windows_amd64;C:\Users\GBK TECH\AppData\Local\Android\Sdk\tools;C:\Users\GBK TECH\AppData\Local\Programs\Python\Launcher;C:\Users\GBK TECH\.console-ninja\.bin;C:\Users\GBK TECH\AppData\Local\Microsoft\WindowsApps;C:\Users\GBK TECH\AppData\Local\Programs\Microsoft VS Code\bin;C:\Users\GBK TECH\AppData\Local\Microsoft\WindowsApps;C:\Users\GBK TECH\AppData\Local\Yarn\bin;C:\Users\GBK TECH\AppData\Roaming\Composer\vendor\bin;C:\Users\GBK TECH\AppData\Local\Android\Sdk\tools\bin;C:\Users\GBK TECH\AppData\Local\Android\Sdk\cmdline-tools\bin;C:\Users\GBK TECH\AppData\Local\Android\Sdk\platforms;C:\Users\GBK TECH\AppData\Roaming\npm;C:\Gradle\gradle-7.6.4\bin;C:\Users\GBK TECH\AppData\Local\Android\Sdk\platform-tools;C:\Program Files\JetBrains\PhpStorm 2022.2\bin;C:\
USERNAME=GBK TECH
DISPLAY=:0.0
LC_ALL=en_US.UTF-8
OS=Windows_NT
PROCESSOR_IDENTIFIER=Intel64 Family 6 Model 78 Stepping 3, GenuineIntel



---------------  S Y S T E M  ---------------

OS:
 Windows 10 , 64 bit Build 19041 (10.0.19041.3636)
OS uptime: 0 days 22:32 hours
Hyper-V role detected

CPU: total 4 (initial active 4) (2 cores per cpu, 2 threads per core) family 6 model 78 stepping 3 microcode 0xcc, cx8, cmov, fxsr, ht, mmx, 3dnowpref, sse, sse2, sse3, ssse3, sse4.1, sse4.2, popcnt, lzcnt, tsc, tscinvbit, avx, avx2, aes, erms, clmul, bmi1, bmi2, rtm, adx, fma, vzeroupper, clflush, clflushopt, hv

Memory: 4k page, system-wide physical 8076M (652M free)
TotalPageFile size 23231M (AvailPageFile size 46M)
current process WorkingSet (physical memory assigned to process): 10M, peak: 10M
current process commit charge ("private bytes"): 51M, peak: 179M

vm_info: OpenJDK 64-Bit Server VM (17.0.3+7-b469.32) for windows-amd64 JRE (17.0.3+7-b469.32), built on 2022-07-19 by "builduser" with MS VC++ 16.10 / 16.11 (VS2019)

END.
